<?xml version="1.0" encoding="UTF-8"?>
<testng-results skipped="0" failed="1" ignored="0" total="3" passed="2">
  <reporter-output>
  </reporter-output>
  <suite name="Default suite" duration-ms="5411" started-at="2020-09-22T03:48:15Z" finished-at="2020-09-22T03:48:20Z">
    <groups>
    </groups>
    <test name="Default test" duration-ms="5411" started-at="2020-09-22T03:48:15Z" finished-at="2020-09-22T03:48:20Z">
      <class name="com.atmecs.testNGAnnotations.testscript.TestNGAnnotations">
        <test-method status="PASS" signature="beforeSuite()[pri:0, instance:com.atmecs.testNGAnnotations.testscript.TestNGAnnotations@68c4039c]" name="beforeSuite" is-config="true" duration-ms="11" started-at="2020-09-22T03:48:15Z" finished-at="2020-09-22T03:48:15Z">
          <reporter-output>
          </reporter-output>
        </test-method> <!-- beforeSuite -->
        <test-method status="PASS" signature="message()[pri:0, instance:com.atmecs.testNGAnnotations.testscript.TestNGAnnotations@68c4039c]" name="message" is-config="true" duration-ms="0" started-at="2020-09-22T03:48:15Z" finished-at="2020-09-22T03:48:15Z">
          <reporter-output>
          </reporter-output>
        </test-method> <!-- message -->
        <test-method status="PASS" signature="greeting()[pri:0, instance:com.atmecs.testNGAnnotations.testscript.TestNGAnnotations@68c4039c]" name="greeting" is-config="true" duration-ms="0" started-at="2020-09-22T03:48:15Z" finished-at="2020-09-22T03:48:15Z">
          <reporter-output>
          </reporter-output>
        </test-method> <!-- greeting -->
        <test-method status="PASS" signature="infoBeforeLaunching()[pri:0, instance:com.atmecs.testNGAnnotations.testscript.TestNGAnnotations@68c4039c]" name="infoBeforeLaunching" is-config="true" duration-ms="0" started-at="2020-09-22T03:48:15Z" finished-at="2020-09-22T03:48:15Z">
          <reporter-output>
          </reporter-output>
        </test-method> <!-- infoBeforeLaunching -->
        <test-method status="FAIL" signature="settingAndLaunchingDriver()[pri:0, instance:com.atmecs.testNGAnnotations.testscript.TestNGAnnotations@68c4039c]" name="settingAndLaunchingDriver" duration-ms="5015" started-at="2020-09-22T03:48:15Z" finished-at="2020-09-22T03:48:20Z">
          <exception class="org.openqa.selenium.WebDriverException">
            <message>
              <![CDATA[unknown error: net::ERR_INTERNET_DISCONNECTED
  (Session info: chrome=85.0.4183.102)
Build info: version: '3.141.59', revision: 'e82be7d358', time: '2018-11-14T08:17:03'
System info: host: 'ATMECSINLT-711', ip: '192.168.63.1', os.name: 'Windows 10', os.arch: 'amd64', os.version: '10.0', java.version: '1.8.0_261'
Driver info: org.openqa.selenium.chrome.ChromeDriver
Capabilities {acceptInsecureCerts: false, browserName: chrome, browserVersion: 85.0.4183.102, chrome: {chromedriverVersion: 85.0.4183.87 (cd6713ebf92fa..., userDataDir: C:\Users\ANSHIK~1.NEG\AppDa...}, goog:chromeOptions: {debuggerAddress: localhost:52264}, javascriptEnabled: true, networkConnectionEnabled: false, pageLoadStrategy: normal, platform: WINDOWS, platformName: WINDOWS, proxy: Proxy(), setWindowRect: true, strictFileInteractability: false, timeouts: {implicit: 0, pageLoad: 300000, script: 30000}, unhandledPromptBehavior: dismiss and notify, webauthn:virtualAuthenticators: true}
Session ID: de8cc7c28f02d7f3890b371b5f5be1bd]]>
            </message>
            <full-stacktrace>
              <![CDATA[org.openqa.selenium.WebDriverException: unknown error: net::ERR_INTERNET_DISCONNECTED
  (Session info: chrome=85.0.4183.102)
Build info: version: '3.141.59', revision: 'e82be7d358', time: '2018-11-14T08:17:03'
System info: host: 'ATMECSINLT-711', ip: '192.168.63.1', os.name: 'Windows 10', os.arch: 'amd64', os.version: '10.0', java.version: '1.8.0_261'
Driver info: org.openqa.selenium.chrome.ChromeDriver
Capabilities {acceptInsecureCerts: false, browserName: chrome, browserVersion: 85.0.4183.102, chrome: {chromedriverVersion: 85.0.4183.87 (cd6713ebf92fa..., userDataDir: C:\Users\ANSHIK~1.NEG\AppDa...}, goog:chromeOptions: {debuggerAddress: localhost:52264}, javascriptEnabled: true, networkConnectionEnabled: false, pageLoadStrategy: normal, platform: WINDOWS, platformName: WINDOWS, proxy: Proxy(), setWindowRect: true, strictFileInteractability: false, timeouts: {implicit: 0, pageLoad: 300000, script: 30000}, unhandledPromptBehavior: dismiss and notify, webauthn:virtualAuthenticators: true}
Session ID: de8cc7c28f02d7f3890b371b5f5be1bd
at sun.reflect.NativeConstructorAccessorImpl.newInstance0(Native Method)
at sun.reflect.NativeConstructorAccessorImpl.newInstance(Unknown Source)
at sun.reflect.DelegatingConstructorAccessorImpl.newInstance(Unknown Source)
at java.lang.reflect.Constructor.newInstance(Unknown Source)
at org.openqa.selenium.remote.http.W3CHttpResponseCodec.createException(W3CHttpResponseCodec.java:187)
at org.openqa.selenium.remote.http.W3CHttpResponseCodec.decode(W3CHttpResponseCodec.java:122)
at org.openqa.selenium.remote.http.W3CHttpResponseCodec.decode(W3CHttpResponseCodec.java:49)
at org.openqa.selenium.remote.HttpCommandExecutor.execute(HttpCommandExecutor.java:158)
at org.openqa.selenium.remote.service.DriverCommandExecutor.execute(DriverCommandExecutor.java:83)
at org.openqa.selenium.remote.RemoteWebDriver.execute(RemoteWebDriver.java:552)
at org.openqa.selenium.remote.RemoteWebDriver.get(RemoteWebDriver.java:277)
at com.atmecs.testNGAnnotations.testscript.TestNGAnnotations.settingAndLaunchingDriver(TestNGAnnotations.java:35)
at sun.reflect.NativeMethodAccessorImpl.invoke0(Native Method)
at sun.reflect.NativeMethodAccessorImpl.invoke(Unknown Source)
at sun.reflect.DelegatingMethodAccessorImpl.invoke(Unknown Source)
at java.lang.reflect.Method.invoke(Unknown Source)
at org.testng.internal.MethodInvocationHelper.invokeMethod(MethodInvocationHelper.java:124)
at org.testng.internal.Invoker.invokeMethod(Invoker.java:583)
at org.testng.internal.Invoker.invokeTestMethod(Invoker.java:719)
at org.testng.internal.Invoker.invokeTestMethods(Invoker.java:989)
at org.testng.internal.TestMethodWorker.invokeTestMethods(TestMethodWorker.java:125)
at org.testng.internal.TestMethodWorker.run(TestMethodWorker.java:109)
at org.testng.TestRunner.privateRun(TestRunner.java:648)
at org.testng.TestRunner.run(TestRunner.java:505)
at org.testng.SuiteRunner.runTest(SuiteRunner.java:455)
at org.testng.SuiteRunner.runSequentially(SuiteRunner.java:450)
at org.testng.SuiteRunner.privateRun(SuiteRunner.java:415)
at org.testng.SuiteRunner.run(SuiteRunner.java:364)
at org.testng.SuiteRunnerWorker.runSuite(SuiteRunnerWorker.java:52)
at org.testng.SuiteRunnerWorker.run(SuiteRunnerWorker.java:84)
at org.testng.TestNG.runSuitesSequentially(TestNG.java:1208)
at org.testng.TestNG.runSuitesLocally(TestNG.java:1137)
at org.testng.TestNG.runSuites(TestNG.java:1049)
at org.testng.TestNG.run(TestNG.java:1017)
at org.testng.remote.AbstractRemoteTestNG.run(AbstractRemoteTestNG.java:115)
at org.testng.remote.RemoteTestNG.initAndRun(RemoteTestNG.java:251)
at org.testng.remote.RemoteTestNG.main(RemoteTestNG.java:77)
]]>
            </full-stacktrace>
          </exception> <!-- org.openqa.selenium.WebDriverException -->
          <reporter-output>
          </reporter-output>
        </test-method> <!-- settingAndLaunchingDriver -->
        <test-method status="PASS" signature="infoAfterLaunching()[pri:0, instance:com.atmecs.testNGAnnotations.testscript.TestNGAnnotations@68c4039c]" name="infoAfterLaunching" is-config="true" duration-ms="1" started-at="2020-09-22T03:48:20Z" finished-at="2020-09-22T03:48:20Z">
          <reporter-output>
          </reporter-output>
        </test-method> <!-- infoAfterLaunching -->
        <test-method status="PASS" signature="infoBeforeLaunching()[pri:0, instance:com.atmecs.testNGAnnotations.testscript.TestNGAnnotations@68c4039c]" name="infoBeforeLaunching" is-config="true" duration-ms="1" started-at="2020-09-22T03:48:20Z" finished-at="2020-09-22T03:48:20Z">
          <reporter-output>
          </reporter-output>
        </test-method> <!-- infoBeforeLaunching -->
        <test-method status="PASS" signature="gettingAndValidatingUrl()[pri:1, instance:com.atmecs.testNGAnnotations.testscript.TestNGAnnotations@68c4039c]" name="gettingAndValidatingUrl" duration-ms="23" started-at="2020-09-22T03:48:20Z" finished-at="2020-09-22T03:48:20Z">
          <reporter-output>
          </reporter-output>
        </test-method> <!-- gettingAndValidatingUrl -->
        <test-method status="PASS" signature="infoAfterLaunching()[pri:0, instance:com.atmecs.testNGAnnotations.testscript.TestNGAnnotations@68c4039c]" name="infoAfterLaunching" is-config="true" duration-ms="0" started-at="2020-09-22T03:48:20Z" finished-at="2020-09-22T03:48:20Z">
          <reporter-output>
          </reporter-output>
        </test-method> <!-- infoAfterLaunching -->
        <test-method status="PASS" signature="gettingPageTitle()[pri:2, instance:com.atmecs.testNGAnnotations.testscript.TestNGAnnotations@68c4039c]" name="gettingPageTitle" duration-ms="16" started-at="2020-09-22T03:48:20Z" finished-at="2020-09-22T03:48:20Z">
          <reporter-output>
          </reporter-output>
        </test-method> <!-- gettingPageTitle -->
        <test-method status="PASS" signature="infoBeforeLaunching()[pri:0, instance:com.atmecs.testNGAnnotations.testscript.TestNGAnnotations@68c4039c]" name="infoBeforeLaunching" is-config="true" duration-ms="0" started-at="2020-09-22T03:48:20Z" finished-at="2020-09-22T03:48:20Z">
          <reporter-output>
          </reporter-output>
        </test-method> <!-- infoBeforeLaunching -->
        <test-method status="PASS" signature="infoAfterLaunching()[pri:0, instance:com.atmecs.testNGAnnotations.testscript.TestNGAnnotations@68c4039c]" name="infoAfterLaunching" is-config="true" duration-ms="0" started-at="2020-09-22T03:48:20Z" finished-at="2020-09-22T03:48:20Z">
          <reporter-output>
          </reporter-output>
        </test-method> <!-- infoAfterLaunching -->
        <test-method status="PASS" signature="greeting1()[pri:0, instance:com.atmecs.testNGAnnotations.testscript.TestNGAnnotations@68c4039c]" name="greeting1" is-config="true" duration-ms="1" started-at="2020-09-22T03:48:20Z" finished-at="2020-09-22T03:48:20Z">
          <reporter-output>
          </reporter-output>
        </test-method> <!-- greeting1 -->
        <test-method status="PASS" signature="closingDriver()[pri:0, instance:com.atmecs.testNGAnnotations.testscript.TestNGAnnotations@68c4039c]" name="closingDriver" is-config="true" duration-ms="323" started-at="2020-09-22T03:48:20Z" description="Going to close the browser" finished-at="2020-09-22T03:48:20Z">
          <reporter-output>
          </reporter-output>
        </test-method> <!-- closingDriver -->
        <test-method status="PASS" signature="afterSuite()[pri:0, instance:com.atmecs.testNGAnnotations.testscript.TestNGAnnotations@68c4039c]" name="afterSuite" is-config="true" duration-ms="0" started-at="2020-09-22T03:48:20Z" finished-at="2020-09-22T03:48:20Z">
          <reporter-output>
          </reporter-output>
        </test-method> <!-- afterSuite -->
      </class> <!-- com.atmecs.testNGAnnotations.testscript.TestNGAnnotations -->
    </test> <!-- Default test -->
  </suite> <!-- Default suite -->
</testng-results>
